<?xml version="1.0" encoding="UTF-8" ?>
<testsuite tests="5" failures="0" name="StudentTest" time="11.901" errors="0" skipped="1">
  <properties>
[...]
</properties>
  <testcase classname="StudentTest" name="studentDelete" time="7.106"/>
  <testcase classname="StudentTest" name="studentInsert" time="0.508"/>
  <testcase classname="StudentTest" name="ignore" time="0.51">
    <skipped/>
  </testcase>
  <testcase classname="StudentTest" name="studentSelect" time="0.395"/>
  <testcase classname="StudentTest" name="studentUpdate" time="0.527"/>
</testsuite>